<?xml version="1.0" encoding="UTF-8"?>
<!-- Generated by org.testng.reporters.JUnitXMLReporter -->
<testsuite hostname="Thenilavan" ignored="7" name="LifeHope Admin" tests="1" failures="0" timestamp="2021-05-13T17:47:02 IST" time="60.717" errors="0">
  <testcase name="Login" time="42.43" classname="AdminTest.LHAdminRegression"/>
  <testcase name="TestOrders" time="0.0" classname="AdminTest.LHAdminRegression">
    <ignored/>
  </testcase> <!-- TestOrders -->
  <testcase name="RecentOrderView" time="0.0" classname="AdminTest.LHAdminRegression">
    <ignored/>
  </testcase> <!-- RecentOrderView -->
  <testcase name="Settings" time="0.0" classname="AdminTest.LHAdminRegression">
    <ignored/>
  </testcase> <!-- Settings -->
  <testcase name="Dashboard" time="0.0" classname="AdminTest.LHAdminRegression">
    <ignored/>
  </testcase> <!-- Dashboard -->
  <testcase name="Login_Validation" time="0.0" classname="AdminTest.LHAdminRegression">
    <ignored/>
  </testcase> <!-- Login_Validation -->
  <testcase name="OrderRequest" time="0.0" classname="AdminTest.LHAdminRegression">
    <ignored/>
  </testcase> <!-- OrderRequest -->
  <testcase name="OrderTrack" time="0.0" classname="AdminTest.LHAdminRegression">
    <ignored/>
  </testcase> <!-- OrderTrack -->
</testsuite> <!-- LifeHope Admin -->
